<?xml version="1.0" encoding="UTF-8"?>
<testsuite xmlns:xsi="http://www.w3.org/2001/XMLSchema-instance" xsi:noNamespaceSchemaLocation="https://maven.apache.org/surefire/maven-surefire-plugin/xsd/surefire-test-report-3.0.xsd" version="3.0" name="TestSuite" time="167.519" tests="6" errors="0" skipped="0" failures="2">
  <properties>
[...]
</properties>
  <testcase name="loginTest" classname="com.inetBanking.testCases.TC_loginTest_001" time="4.858">
    <system-out><![CDATA[2022-11-01 22:19:22 INFO  iNetBanking:54 - 
  2022-11-01 22:19:30 INFO  iNetBanking:60 - Chromedriver Setup Done
  2022-11-01 22:19:44 INFO  iNetBanking:73 - trying opening url
  2022-11-01 22:19:44 INFO  iNetBanking:18 - Url is Opened
  2022-11-01 22:19:44 INFO  iNetBanking:23 - Entered Username
  2022-11-01 22:19:44 INFO  iNetBanking:25 - Entered Password
  2022-11-01 22:19:49 INFO  iNetBanking:34 - Login test Passed
  ]]></system-out>
    <system-err><![CDATA[SLF4J: Failed to load class "org.slf4j.impl.StaticLoggerBinder".
SLF4J: Defaulting to no-operation (NOP) logger implementation
SLF4J: See http://www.slf4j.org/codes.html#StaticLoggerBinder for further details.
ERROR StatusLogger Log4j2 could not find a logging implementation. Please add log4j-core to the classpath. Using SimpleLogger to log to the console...
Starting ChromeDriver 107.0.5304.62 (1eec40d3a5764881c92085aaee66d25075c159aa-refs/branch-heads/5304@{#942}) on port 61194
Only local connections are allowed.
Please see https://chromedriver.chromium.org/security-considerations for suggestions on keeping ChromeDriver safe.
ChromeDriver was started successfully.
Nov 01, 2022 10:19:30 PM org.openqa.selenium.remote.ProtocolHandshake createSession
INFO: Detected dialect: W3C
Nov 01, 2022 10:19:30 PM org.openqa.selenium.devtools.CdpVersionFinder findNearestMatch
WARNING: Unable to find an exact match for CDP version 107, so returning the closest version found: a no-op implementation
Nov 01, 2022 10:19:30 PM org.openqa.selenium.devtools.CdpVersionFinder findNearestMatch
INFO: Unable to find CDP implementation matching 107.
Nov 01, 2022 10:19:30 PM org.openqa.selenium.chromium.ChromiumDriver lambda$new$3
WARNING: Unable to find version of CDP to use for . You may need to include a dependency on a specific version of the CDP using something similar to `org.seleniumhq.selenium:selenium-devtools-v86:4.1.4` where the version ("v86") matches the version of the chromium-based browser you're using and the version number of the artifact is the same as Selenium's.
]]></system-err>
  </testcase>
  <testcase name="loginDDT[mngr451684, AvYsEsu](1)" classname="com.inetBanking.testCases.TC_loginTest_002" time="20.675">
    <system-out><![CDATA[2022-11-01 22:19:49 INFO  iNetBanking:84 - Quiting Driver Done
  2022-11-01 22:19:49 INFO  iNetBanking:85 - 
  2022-11-01 22:19:49 INFO  iNetBanking:54 - 
  2022-11-01 22:19:53 INFO  iNetBanking:60 - Chromedriver Setup Done
  2022-11-01 22:20:05 INFO  iNetBanking:73 - trying opening url
  2022-11-01 22:20:05 INFO  iNetBanking:88 - into getdata 
  2022-11-01 22:20:09 INFO  iNetBanking:108 - Returned logindata array
  2022-11-01 22:20:09 INFO  iNetBanking:18 - Url is Opened
  2022-11-01 22:20:10 INFO  iNetBanking:22 - Username Entered
  2022-11-01 22:20:10 INFO  iNetBanking:24 - Password Entered
  2022-11-01 22:20:20 INFO  iNetBanking:53 - Login Passed
  ]]></system-out>
    <system-err><![CDATA[Starting ChromeDriver 107.0.5304.62 (1eec40d3a5764881c92085aaee66d25075c159aa-refs/branch-heads/5304@{#942}) on port 56965
Only local connections are allowed.
Please see https://chromedriver.chromium.org/security-considerations for suggestions on keeping ChromeDriver safe.
ChromeDriver was started successfully.
Nov 01, 2022 10:19:53 PM org.openqa.selenium.remote.ProtocolHandshake createSession
INFO: Detected dialect: W3C
Nov 01, 2022 10:19:53 PM org.openqa.selenium.devtools.CdpVersionFinder findNearestMatch
WARNING: Unable to find an exact match for CDP version 107, so returning the closest version found: a no-op implementation
Nov 01, 2022 10:19:53 PM org.openqa.selenium.devtools.CdpVersionFinder findNearestMatch
INFO: Unable to find CDP implementation matching 107.
Nov 01, 2022 10:19:53 PM org.openqa.selenium.chromium.ChromiumDriver lambda$new$3
WARNING: Unable to find version of CDP to use for . You may need to include a dependency on a specific version of the CDP using something similar to `org.seleniumhq.selenium:selenium-devtools-v86:4.1.4` where the version ("v86") matches the version of the chromium-based browser you're using and the version number of the artifact is the same as Selenium's.
]]></system-err>
  </testcase>
  <testcase name="loginDDT[mngr246559, xyzyhet](2)" classname="com.inetBanking.testCases.TC_loginTest_002" time="12.919">
    <failure type="junit.framework.AssertionFailedError"><![CDATA[junit.framework.AssertionFailedError
	at junit.framework.Assert.fail(Assert.java:47)
	at junit.framework.Assert.assertTrue(Assert.java:20)
	at junit.framework.Assert.assertTrue(Assert.java:27)
	at com.inetBanking.testCases.TC_loginTest_002.loginDDT(TC_loginTest_002.java:49)
	at java.base/jdk.internal.reflect.NativeMethodAccessorImpl.invoke0(Native Method)
	at java.base/jdk.internal.reflect.NativeMethodAccessorImpl.invoke(NativeMethodAccessorImpl.java:77)
	at java.base/jdk.internal.reflect.DelegatingMethodAccessorImpl.invoke(DelegatingMethodAccessorImpl.java:43)
	at java.base/java.lang.reflect.Method.invoke(Method.java:568)
	at org.testng.internal.invokers.MethodInvocationHelper.invokeMethod(MethodInvocationHelper.java:139)
	at org.testng.internal.invokers.TestInvoker.invokeMethod(TestInvoker.java:677)
	at org.testng.internal.invokers.TestInvoker.invokeTestMethod(TestInvoker.java:221)
	at org.testng.internal.invokers.MethodRunner.runInSequence(MethodRunner.java:50)
	at org.testng.internal.invokers.TestInvoker$MethodInvocationAgent.invoke(TestInvoker.java:962)
	at org.testng.internal.invokers.TestInvoker.invokeTestMethods(TestInvoker.java:194)
	at org.testng.internal.invokers.TestMethodWorker.invokeTestMethods(TestMethodWorker.java:148)
	at org.testng.internal.invokers.TestMethodWorker.run(TestMethodWorker.java:128)
	at java.base/java.util.ArrayList.forEach(ArrayList.java:1511)
	at org.testng.TestRunner.privateRun(TestRunner.java:806)
	at org.testng.TestRunner.run(TestRunner.java:601)
	at org.testng.SuiteRunner.runTest(SuiteRunner.java:433)
	at org.testng.SuiteRunner.runSequentially(SuiteRunner.java:427)
	at org.testng.SuiteRunner.privateRun(SuiteRunner.java:387)
	at org.testng.SuiteRunner.run(SuiteRunner.java:330)
	at org.testng.SuiteRunnerWorker.runSuite(SuiteRunnerWorker.java:52)
	at org.testng.SuiteRunnerWorker.run(SuiteRunnerWorker.java:95)
	at org.testng.TestNG.runSuitesSequentially(TestNG.java:1256)
	at org.testng.TestNG.runSuitesLocally(TestNG.java:1176)
	at org.testng.TestNG.runSuites(TestNG.java:1099)
	at org.testng.TestNG.run(TestNG.java:1067)
	at org.apache.maven.surefire.testng.TestNGExecutor.run(TestNGExecutor.java:324)
	at org.apache.maven.surefire.testng.TestNGXmlTestSuite.execute(TestNGXmlTestSuite.java:74)
	at org.apache.maven.surefire.testng.TestNGProvider.invoke(TestNGProvider.java:123)
	at org.apache.maven.surefire.booter.ForkedBooter.runSuitesInProcess(ForkedBooter.java:456)
	at org.apache.maven.surefire.booter.ForkedBooter.execute(ForkedBooter.java:169)
	at org.apache.maven.surefire.booter.ForkedBooter.run(ForkedBooter.java:595)
	at org.apache.maven.surefire.booter.ForkedBooter.main(ForkedBooter.java:581)
]]></failure>
    <system-out><![CDATA[2022-11-01 22:20:30 INFO  iNetBanking:18 - Url is Opened
  2022-11-01 22:20:30 INFO  iNetBanking:22 - Username Entered
  2022-11-01 22:20:32 INFO  iNetBanking:24 - Password Entered
  2022-11-01 22:20:36 INFO  iNetBanking:75 - Alert Is Present
  2022-11-01 22:20:43 INFO  iNetBanking:46 - Trying to get screenhot
  2022-11-01 22:20:43 INFO  iNetBanking:97 - Screenshot Taken
  2022-11-01 22:20:43 WARN  iNetBanking:48 - login Failed
  ]]></system-out>
  </testcase>
  <testcase name="loginDDT[mngr451684, AvYsEsu](3)" classname="com.inetBanking.testCases.TC_loginTest_002" time="21.932">
    <system-out><![CDATA[2022-11-01 22:20:43 INFO  iNetBanking:18 - Url is Opened
  2022-11-01 22:20:43 INFO  iNetBanking:22 - Username Entered
  2022-11-01 22:20:43 INFO  iNetBanking:24 - Password Entered
  2022-11-01 22:20:52 INFO  iNetBanking:53 - Login Passed
  ]]></system-out>
  </testcase>
  <testcase name="loginDDT[mngr546559, abcyhet](4)" classname="com.inetBanking.testCases.TC_loginTest_002" time="10.858">
    <failure type="junit.framework.AssertionFailedError"><![CDATA[junit.framework.AssertionFailedError
	at junit.framework.Assert.fail(Assert.java:47)
	at junit.framework.Assert.assertTrue(Assert.java:20)
	at junit.framework.Assert.assertTrue(Assert.java:27)
	at com.inetBanking.testCases.TC_loginTest_002.loginDDT(TC_loginTest_002.java:49)
	at java.base/jdk.internal.reflect.NativeMethodAccessorImpl.invoke0(Native Method)
	at java.base/jdk.internal.reflect.NativeMethodAccessorImpl.invoke(NativeMethodAccessorImpl.java:77)
	at java.base/jdk.internal.reflect.DelegatingMethodAccessorImpl.invoke(DelegatingMethodAccessorImpl.java:43)
	at java.base/java.lang.reflect.Method.invoke(Method.java:568)
	at org.testng.internal.invokers.MethodInvocationHelper.invokeMethod(MethodInvocationHelper.java:139)
	at org.testng.internal.invokers.TestInvoker.invokeMethod(TestInvoker.java:677)
	at org.testng.internal.invokers.TestInvoker.invokeTestMethod(TestInvoker.java:221)
	at org.testng.internal.invokers.MethodRunner.runInSequence(MethodRunner.java:50)
	at org.testng.internal.invokers.TestInvoker$MethodInvocationAgent.invoke(TestInvoker.java:962)
	at org.testng.internal.invokers.TestInvoker.invokeTestMethods(TestInvoker.java:194)
	at org.testng.internal.invokers.TestMethodWorker.invokeTestMethods(TestMethodWorker.java:148)
	at org.testng.internal.invokers.TestMethodWorker.run(TestMethodWorker.java:128)
	at java.base/java.util.ArrayList.forEach(ArrayList.java:1511)
	at org.testng.TestRunner.privateRun(TestRunner.java:806)
	at org.testng.TestRunner.run(TestRunner.java:601)
	at org.testng.SuiteRunner.runTest(SuiteRunner.java:433)
	at org.testng.SuiteRunner.runSequentially(SuiteRunner.java:427)
	at org.testng.SuiteRunner.privateRun(SuiteRunner.java:387)
	at org.testng.SuiteRunner.run(SuiteRunner.java:330)
	at org.testng.SuiteRunnerWorker.runSuite(SuiteRunnerWorker.java:52)
	at org.testng.SuiteRunnerWorker.run(SuiteRunnerWorker.java:95)
	at org.testng.TestNG.runSuitesSequentially(TestNG.java:1256)
	at org.testng.TestNG.runSuitesLocally(TestNG.java:1176)
	at org.testng.TestNG.runSuites(TestNG.java:1099)
	at org.testng.TestNG.run(TestNG.java:1067)
	at org.apache.maven.surefire.testng.TestNGExecutor.run(TestNGExecutor.java:324)
	at org.apache.maven.surefire.testng.TestNGXmlTestSuite.execute(TestNGXmlTestSuite.java:74)
	at org.apache.maven.surefire.testng.TestNGProvider.invoke(TestNGProvider.java:123)
	at org.apache.maven.surefire.booter.ForkedBooter.runSuitesInProcess(ForkedBooter.java:456)
	at org.apache.maven.surefire.booter.ForkedBooter.execute(ForkedBooter.java:169)
	at org.apache.maven.surefire.booter.ForkedBooter.run(ForkedBooter.java:595)
	at org.apache.maven.surefire.booter.ForkedBooter.main(ForkedBooter.java:581)
]]></failure>
    <system-out><![CDATA[2022-11-01 22:21:05 INFO  iNetBanking:18 - Url is Opened
  2022-11-01 22:21:05 INFO  iNetBanking:22 - Username Entered
  2022-11-01 22:21:05 INFO  iNetBanking:24 - Password Entered
  2022-11-01 22:21:11 INFO  iNetBanking:75 - Alert Is Present
  2022-11-01 22:21:15 INFO  iNetBanking:46 - Trying to get screenhot
  2022-11-01 22:21:16 INFO  iNetBanking:97 - Screenshot Taken
  2022-11-01 22:21:16 WARN  iNetBanking:48 - login Failed
  ]]></system-out>
  </testcase>
  <testcase name="addNewCustomer" classname="com.inetBanking.testCases.TC_AddCustomerTest_003" time="26.067">
    <system-out><![CDATA[2022-11-01 22:21:16 INFO  iNetBanking:84 - Quiting Driver Done
  2022-11-01 22:21:16 INFO  iNetBanking:85 - 
  2022-11-01 22:21:16 INFO  iNetBanking:54 - 
  2022-11-01 22:21:20 INFO  iNetBanking:60 - Chromedriver Setup Done
  2022-11-01 22:21:38 INFO  iNetBanking:73 - trying opening url
  2022-11-01 22:21:38 INFO  iNetBanking:17 - Url is Opened
  2022-11-01 22:21:38 INFO  iNetBanking:22 - Entered Username
  2022-11-01 22:21:39 INFO  iNetBanking:24 - Entered Password
  2022-11-01 22:21:43 INFO  iNetBanking:27 - Login Button Clicked
  2022-11-01 22:21:43 INFO  iNetBanking:32 - Add Customer Page object Created
  2022-11-01 22:21:46 INFO  iNetBanking:35 - Add New Customer Link clicked
  2022-11-01 22:21:56 INFO  iNetBanking:42 - Customer Name Set done
  2022-11-01 22:22:04 INFO  iNetBanking:55 - Add Customer Button Clicked
  2022-11-01 22:22:04 INFO  iNetBanking:62 - Add Customer Test Succcess
  ]]></system-out>
    <system-err><![CDATA[Starting ChromeDriver 107.0.5304.62 (1eec40d3a5764881c92085aaee66d25075c159aa-refs/branch-heads/5304@{#942}) on port 54460
Only local connections are allowed.
Please see https://chromedriver.chromium.org/security-considerations for suggestions on keeping ChromeDriver safe.
ChromeDriver was started successfully.
Nov 01, 2022 10:21:19 PM org.openqa.selenium.remote.ProtocolHandshake createSession
INFO: Detected dialect: W3C
Nov 01, 2022 10:21:20 PM org.openqa.selenium.devtools.CdpVersionFinder findNearestMatch
WARNING: Unable to find an exact match for CDP version 107, so returning the closest version found: a no-op implementation
Nov 01, 2022 10:21:20 PM org.openqa.selenium.devtools.CdpVersionFinder findNearestMatch
INFO: Unable to find CDP implementation matching 107.
Nov 01, 2022 10:21:20 PM org.openqa.selenium.chromium.ChromiumDriver lambda$new$3
WARNING: Unable to find version of CDP to use for . You may need to include a dependency on a specific version of the CDP using something similar to `org.seleniumhq.selenium:selenium-devtools-v86:4.1.4` where the version ("v86") matches the version of the chromium-based browser you're using and the version number of the artifact is the same as Selenium's.
]]></system-err>
  </testcase>
</testsuite>