<?xml version="1.0" encoding="UTF-8"?>
<testng-results ignored="0" total="1" passed="1" failed="0" skipped="0">
  <reporter-output>
  </reporter-output>
  <suite started-at="2022-11-01T17:37:06 IST" name="inetBankingV1" finished-at="2022-11-01T17:37:51 IST" duration-ms="44306">
    <groups>
    </groups>
    <test started-at="2022-11-01T17:37:06 IST" name="BankingAppTest" finished-at="2022-11-01T17:37:51 IST" duration-ms="44306">
      <class name="com.inetBanking.testCases.TC_loginTest_001">
        <test-method is-config="true" signature="setup(java.lang.String)[pri:0, instance:com.inetBanking.testCases.TC_loginTest_001@6b2ea799]" started-at="2022-11-01T17:37:08 IST" name="setup" finished-at="2022-11-01T17:37:33 IST" duration-ms="24965" status="PASS">
          <params>
            <param index="0">
              <value>
                <![CDATA[chrome]]>
              </value>
            </param>
          </params>
          <reporter-output>
          </reporter-output>
        </test-method> <!-- setup -->
        <test-method signature="loginTest()[pri:0, instance:com.inetBanking.testCases.TC_loginTest_001@6b2ea799]" started-at="2022-11-01T17:37:33 IST" name="loginTest" finished-at="2022-11-01T17:37:49 IST" duration-ms="16083" status="PASS">
          <reporter-output>
          </reporter-output>
        </test-method> <!-- loginTest -->
        <test-method is-config="true" signature="teardown()[pri:0, instance:com.inetBanking.testCases.TC_loginTest_001@6b2ea799]" started-at="2022-11-01T17:37:49 IST" name="teardown" finished-at="2022-11-01T17:37:51 IST" duration-ms="1608" status="PASS">
          <reporter-output>
          </reporter-output>
        </test-method> <!-- teardown -->
      </class> <!-- com.inetBanking.testCases.TC_loginTest_001 -->
    </test> <!-- BankingAppTest -->
  </suite> <!-- inetBankingV1 -->
</testng-results>
