<?xml version="1.0" encoding="UTF-8"?>
<testng-results ignored="0" total="1" passed="1" failed="0" skipped="0">
  <reporter-output>
  </reporter-output>
  <suite started-at="2022-11-02T19:19:45 IST" name="inetBankingV1" finished-at="2022-11-02T19:20:50 IST" duration-ms="64865">
    <groups>
    </groups>
    <test started-at="2022-11-02T19:19:45 IST" name="BankingAppTest" finished-at="2022-11-02T19:20:50 IST" duration-ms="64865">
      <class name="com.inetBanking.testCases.TC_loginTest_001">
        <test-method is-config="true" signature="setup(java.lang.String)[pri:0, instance:com.inetBanking.testCases.TC_loginTest_001@6b2ea799]" started-at="2022-11-02T19:19:47 IST" name="setup" finished-at="2022-11-02T19:20:30 IST" duration-ms="43180" status="PASS">
          <params>
            <param index="0">
              <value>
                <![CDATA[chrome]]>
              </value>
            </param>
          </params>
          <reporter-output>
          </reporter-output>
        </test-method> <!-- setup -->
        <test-method signature="loginTest()[pri:0, instance:com.inetBanking.testCases.TC_loginTest_001@6b2ea799]" started-at="2022-11-02T19:20:30 IST" name="loginTest" finished-at="2022-11-02T19:20:48 IST" duration-ms="18232" status="PASS">
          <reporter-output>
          </reporter-output>
        </test-method> <!-- loginTest -->
        <test-method is-config="true" signature="teardown()[pri:0, instance:com.inetBanking.testCases.TC_loginTest_001@6b2ea799]" started-at="2022-11-02T19:20:49 IST" name="teardown" finished-at="2022-11-02T19:20:50 IST" duration-ms="783" status="PASS">
          <reporter-output>
          </reporter-output>
        </test-method> <!-- teardown -->
      </class> <!-- com.inetBanking.testCases.TC_loginTest_001 -->
    </test> <!-- BankingAppTest -->
  </suite> <!-- inetBankingV1 -->
</testng-results>
